<?xml version="1.0" encoding="UTF-8"?>
<testng-results skipped="0" failed="0" ignored="0" total="1" passed="1">
  <reporter-output>
  </reporter-output>
  <suite name="Default suite" duration-ms="54" started-at="2018-05-31T05:43:31Z" finished-at="2018-05-31T05:43:31Z">
    <groups>
    </groups>
    <test name="Default test" duration-ms="54" started-at="2018-05-31T05:43:31Z" finished-at="2018-05-31T05:43:31Z">
      <class name="samplePack.LaunchBrowserCheck">
        <test-method status="PASS" signature="launchCheck()[pri:0, instance:samplePack.LaunchBrowserCheck@cb5822]" name="launchCheck" duration-ms="16" started-at="2018-05-31T05:43:31Z" finished-at="2018-05-31T05:43:31Z">
          <reporter-output>
          </reporter-output>
        </test-method> <!-- launchCheck -->
      </class> <!-- samplePack.LaunchBrowserCheck -->
    </test> <!-- Default test -->
  </suite> <!-- Default suite -->
</testng-results>
