<?xml version="1.0" encoding="UTF-8"?>
<testng-results skipped="0" failed="0" ignored="0" total="1" passed="1">
  <reporter-output>
  </reporter-output>
  <suite name="sample suite" duration-ms="14475" started-at="2018-05-31T12:04:10Z" finished-at="2018-05-31T12:04:24Z">
    <groups>
    </groups>
    <test name="sample test" duration-ms="14475" started-at="2018-05-31T12:04:10Z" finished-at="2018-05-31T12:04:24Z">
      <class name="samplePack.LaunchBrowserCheck">
        <test-method status="PASS" signature="launchCheck()[pri:0, instance:samplePack.LaunchBrowserCheck@79698539]" name="launchCheck" duration-ms="14434" started-at="2018-05-31T12:04:10Z" finished-at="2018-05-31T12:04:24Z">
          <reporter-output>
          </reporter-output>
        </test-method> <!-- launchCheck -->
      </class> <!-- samplePack.LaunchBrowserCheck -->
    </test> <!-- sample test -->
  </suite> <!-- sample suite -->
</testng-results>
